<?xml version="1.0" encoding="UTF-8"?>
<testsuite name="TwelveDaysTest" tests="15" skipped="14" failures="0" errors="0" timestamp="2023-01-26T03:28:56" hostname="Jis-MBP-10" time="0.021">
  <properties/>
  <testcase name="testVerseEight" classname="TwelveDaysTest" time="0.0">
    <skipped/>
  </testcase>
  <testcase name="testVerseSeven" classname="TwelveDaysTest" time="0.0">
    <skipped/>
  </testcase>
  <testcase name="testVerseThree" classname="TwelveDaysTest" time="0.0">
    <skipped/>
  </testcase>
  <testcase name="testVerseOne" classname="TwelveDaysTest" time="0.006"/>
  <testcase name="testVerseSix" classname="TwelveDaysTest" time="0.0">
    <skipped/>
  </testcase>
  <testcase name="testVerseTen" classname="TwelveDaysTest" time="0.0">
    <skipped/>
  </testcase>
  <testcase name="testVerseTwo" classname="TwelveDaysTest" time="0.0">
    <skipped/>
  </testcase>
  <testcase name="testVerseFive" classname="TwelveDaysTest" time="0.0">
    <skipped/>
  </testcase>
  <testcase name="testVerseFour" classname="TwelveDaysTest" time="0.0">
    <skipped/>
  </testcase>
  <testcase name="testVerseNine" classname="TwelveDaysTest" time="0.0">
    <skipped/>
  </testcase>
  <testcase name="testVerseEleven" classname="TwelveDaysTest" time="0.0">
    <skipped/>
  </testcase>
  <testcase name="testVerseTwelve" classname="TwelveDaysTest" time="0.0">
    <skipped/>
  </testcase>
  <testcase name="testFirstThreeVerses" classname="TwelveDaysTest" time="0.0">
    <skipped/>
  </testcase>
  <testcase name="testSingWholeSong" classname="TwelveDaysTest" time="0.0">
    <skipped/>
  </testcase>
  <testcase name="testFourthToSixthVerses" classname="TwelveDaysTest" time="0.0">
    <skipped/>
  </testcase>
  <system-out><![CDATA[]]></system-out>
  <system-err><![CDATA[]]></system-err>
</testsuite>
