<?xml version="1.0" encoding="UTF-8"?>
<testsuite name="TriangleTest" tests="19" skipped="18" failures="0" errors="0" timestamp="2023-01-25T22:54:48" hostname="Jis-MBP-10" time="0.021">
  <properties/>
  <testcase name="verySmallTrianglesCanBeEquilateral" classname="TriangleTest" time="0.0">
    <skipped/>
  </testcase>
  <testcase name="isoscelesTrianglesHaveLastTwoSidesEqual" classname="TriangleTest" time="0.0">
    <skipped/>
  </testcase>
  <testcase name="trianglesWithOneUnequalSideAreNotEquilateral" classname="TriangleTest" time="0.0">
    <skipped/>
  </testcase>
  <testcase name="scaleneTrianglesHaveNoEqualSides" classname="TriangleTest" time="0.0">
    <skipped/>
  </testcase>
  <testcase name="trianglesWithNoEqualSidesAreNotEquilateral" classname="TriangleTest" time="0.0">
    <skipped/>
  </testcase>
  <testcase name="isoscelesTrianglesHaveFirstAndLastSidesEqual" classname="TriangleTest" time="0.0">
    <skipped/>
  </testcase>
  <testcase name="mayNotViolateTriangleInequality" classname="TriangleTest" time="0.0">
    <skipped/>
  </testcase>
  <testcase name="firstTriangleInequalityViolation" classname="TriangleTest" time="0.0">
    <skipped/>
  </testcase>
  <testcase name="twoSidesEqualAreNotScalene" classname="TriangleTest" time="0.0">
    <skipped/>
  </testcase>
  <testcase name="thirdTriangleInequalityViolation" classname="TriangleTest" time="0.0">
    <skipped/>
  </testcase>
  <testcase name="allSidesEqualAreNotScalene" classname="TriangleTest" time="0.0">
    <skipped/>
  </testcase>
  <testcase name="equilateralTrianglesHaveEqualSides" classname="TriangleTest" time="0.001"/>
  <testcase name="trianglesWithNoSizeAreIllegal" classname="TriangleTest" time="0.0">
    <skipped/>
  </testcase>
  <testcase name="isoscelesTrianglesHaveTwoFirstSidesEqual" classname="TriangleTest" time="0.0">
    <skipped/>
  </testcase>
  <testcase name="equilateralTrianglesAreAlsoIsosceles" classname="TriangleTest" time="0.0">
    <skipped/>
  </testcase>
  <testcase name="verySmallTrianglesCanBeIsosceles" classname="TriangleTest" time="0.001">
    <skipped/>
  </testcase>
  <testcase name="noSidesAreEqualCantBeIsoceles" classname="TriangleTest" time="0.0">
    <skipped/>
  </testcase>
  <testcase name="secondTriangleInequalityViolation" classname="TriangleTest" time="0.0">
    <skipped/>
  </testcase>
  <testcase name="verySmallTrianglesCanBeScalene" classname="TriangleTest" time="0.0">
    <skipped/>
  </testcase>
  <system-out><![CDATA[]]></system-out>
  <system-err><![CDATA[]]></system-err>
</testsuite>
