<?xml version="1.0" encoding="UTF-8"?>
<testsuite name="GrainsTest" tests="11" skipped="10" failures="0" errors="0" timestamp="2023-01-22T16:54:48" hostname="Jis-MBP-10" time="0.018">
  <properties/>
  <testcase name="countAtSquare16" classname="GrainsTest" time="0.0">
    <skipped/>
  </testcase>
  <testcase name="countAtSquare32" classname="GrainsTest" time="0.0">
    <skipped/>
  </testcase>
  <testcase name="countAtSquare64" classname="GrainsTest" time="0.0">
    <skipped/>
  </testcase>
  <testcase name="errorOnExcessiveBoardSize" classname="GrainsTest" time="0.0">
    <skipped/>
  </testcase>
  <testcase name="errorOnNegativeBoardSize" classname="GrainsTest" time="0.0">
    <skipped/>
  </testcase>
  <testcase name="countAtSquare1" classname="GrainsTest" time="0.001"/>
  <testcase name="countAtSquare2" classname="GrainsTest" time="0.0">
    <skipped/>
  </testcase>
  <testcase name="countAtSquare3" classname="GrainsTest" time="0.0">
    <skipped/>
  </testcase>
  <testcase name="countAtSquare4" classname="GrainsTest" time="0.0">
    <skipped/>
  </testcase>
  <testcase name="errorOnNullBoardSize" classname="GrainsTest" time="0.0">
    <skipped/>
  </testcase>
  <testcase name="totalNumberOfGrainsOnABoard" classname="GrainsTest" time="0.001">
    <skipped/>
  </testcase>
  <system-out><![CDATA[]]></system-out>
  <system-err><![CDATA[]]></system-err>
</testsuite>
