<?xml version="1.0" encoding="UTF-8"?>
<testsuite name="HouseTest" tests="14" skipped="13" failures="0" errors="0" timestamp="2023-01-26T02:38:51" hostname="Jis-MBP-10" time="0.032">
  <properties/>
  <testcase name="verseOne" classname="HouseTest" time="0.03"/>
  <testcase name="verseSix" classname="HouseTest" time="0.0">
    <skipped/>
  </testcase>
  <testcase name="verseTwo" classname="HouseTest" time="0.0">
    <skipped/>
  </testcase>
  <testcase name="verseFive" classname="HouseTest" time="0.0">
    <skipped/>
  </testcase>
  <testcase name="verseFour" classname="HouseTest" time="0.0">
    <skipped/>
  </testcase>
  <testcase name="verseNine" classname="HouseTest" time="0.0">
    <skipped/>
  </testcase>
  <testcase name="verseEight" classname="HouseTest" time="0.0">
    <skipped/>
  </testcase>
  <testcase name="verseSeven" classname="HouseTest" time="0.0">
    <skipped/>
  </testcase>
  <testcase name="verseThree" classname="HouseTest" time="0.0">
    <skipped/>
  </testcase>
  <testcase name="wholeRhyme" classname="HouseTest" time="0.0">
    <skipped/>
  </testcase>
  <testcase name="verse10" classname="HouseTest" time="0.0">
    <skipped/>
  </testcase>
  <testcase name="verse11" classname="HouseTest" time="0.0">
    <skipped/>
  </testcase>
  <testcase name="verse12" classname="HouseTest" time="0.0">
    <skipped/>
  </testcase>
  <testcase name="multipleVerses" classname="HouseTest" time="0.0">
    <skipped/>
  </testcase>
  <system-out><![CDATA[]]></system-out>
  <system-err><![CDATA[]]></system-err>
</testsuite>
