<?xml version="1.0" encoding="UTF-8"?>
<testsuite name="AnagramTest" tests="14" skipped="13" failures="0" errors="0" timestamp="2023-01-22T17:20:49" hostname="Jis-MBP-10" time="0.059">
  <properties/>
  <testcase name="testCaseInsensitiveWhenBothAnagramAndSubjectStartWithUpperCaseLetter" classname="AnagramTest" time="0.0">
    <skipped/>
  </testcase>
  <testcase name="testEliminateAnagramSubsets" classname="AnagramTest" time="0.0">
    <skipped/>
  </testcase>
  <testcase name="testAnagramMustUseAllLettersExactlyOnce" classname="AnagramTest" time="0.0">
    <skipped/>
  </testcase>
  <testcase name="testIdenticalWordRepeatedIsNotAnagram" classname="AnagramTest" time="0.001">
    <skipped/>
  </testcase>
  <testcase name="testDetectsMultipleAnagramsWithDifferentCase" classname="AnagramTest" time="0.0">
    <skipped/>
  </testcase>
  <testcase name="testWordsOtherThanThemselvesCanBeAnagrams" classname="AnagramTest" time="0.0">
    <skipped/>
  </testcase>
  <testcase name="testDetectMultipleAnagramsForLongerWord" classname="AnagramTest" time="0.001">
    <skipped/>
  </testcase>
  <testcase name="testDetectMultipleAnagrams" classname="AnagramTest" time="0.0">
    <skipped/>
  </testcase>
  <testcase name="testWordsAreNotAnagramsOfThemselvesCaseInsensitive" classname="AnagramTest" time="0.0">
    <skipped/>
  </testcase>
  <testcase name="testCaseInsensitiveWhenSubjectStartsWithUpperCaseLetter" classname="AnagramTest" time="0.0">
    <skipped/>
  </testcase>
  <testcase name="testCaseInsensitiveWhenAnagramStartsWithUpperCaseLetter" classname="AnagramTest" time="0.0">
    <skipped/>
  </testcase>
  <testcase name="testDetectLongerAnagram" classname="AnagramTest" time="0.0">
    <skipped/>
  </testcase>
  <testcase name="testNoMatches" classname="AnagramTest" time="0.042"/>
  <testcase name="testEliminateAnagramsWithSameChecksum" classname="AnagramTest" time="0.0">
    <skipped/>
  </testcase>
  <system-out><![CDATA[]]></system-out>
  <system-err><![CDATA[]]></system-err>
</testsuite>
